02:04:42| Starting to retrieve data from swapi.dev
02:04:44| ----------------------------------------
02:04:44| Title   : Revenge of the Sith
02:04:44| Director: George Lucas
02:04:44| Producer: Rick McCallum
02:04:44| Released: 2005-05-19
02:04:44| 
02:04:46| Characters: 34
02:04:46| Adi Gallia, Anakin Skywalker, Ayla Secura, Bail Prestor Organa, Beru Whitesun lars, C-3PO, Chewbacca, Darth Vader, Dooku, Eeth Koth, Grievous, Ki-Adi-Mundi, Kit Fisto, Leia Organa, Luke Skywalker, Luminara Unduli, Mace Windu, Nute Gunray, Obi-Wan Kenobi, Owen Lars, Padmé Amidala, Palpatine, Plo Koon, Poggle the Lesser, R2-D2, R4-P17, Raymus Antilles, Saesee Tiin, Shaak Ti, Sly Moore, Tarfful, Tion Medon, Wilhuff Tarkin, Yoda, 
02:04:46| 
02:04:47| Planets: 13
02:04:47| Alderaan, Cato Neimoidia, Coruscant, Dagobah, Felucia, Kashyyyk, Mustafar, Mygeeto, Naboo, Polis Massa, Saleucami, Tatooine, Utapau, 
02:04:47| 
02:04:48| Starships: 12
02:04:48| Banking clan frigte, Belbullab-22 starfighter, CR90 corvette, Droid control ship, Jedi Interceptor, Jedi starfighter, Naboo star skiff, Republic attack cruiser, Theta-class T-2c shuttle, Trade Federation cruiser, V-wing, arc-170, 
02:04:48| 
02:04:49| Vehicles: 13
02:04:49| AT-RT, AT-TE, Clone turbo tank, Corporate Alliance tank droid, Droid gunship, Droid tri-fighter, Emergency Firespeeder, LAAT/i, Neimoidian shuttle, Oevvaor jet catamaran, Raddaugh Gnasp fluttercraft, Tsmeu-6 personal wheel bike, Vulture Droid, 
02:04:49| 
02:04:50| Species: 20
02:04:50| Cerean, Chagrian, Clawdite, Droid, Geonosian, Human, Iktotchi, Kaleesh, Kel Dor, Mirialan, Muun, Pau'an, Quermian, Skakoan, Tholothian, Togruta, Toong, Twi'lek, Wookie, Yoda's species, 
02:04:50| 
02:04:50| Total Time To complete = 8.15258120
02:04:50| There were 0 calls to swapi server
