13:34:52| 214 cars have been created = 4.39551370
13:34:52| Factories      : 1
13:34:52| Dealerships    : 1
13:34:52| Run Time       : 4.3955
13:34:52| Max queue size : 1
13:34:52| Factor Stats   : [214]
13:34:52| Dealer Stats   : [214]
13:34:52| 
13:34:57| 252 cars have been created = 5.22203920
13:34:57| Factories      : 1
13:34:57| Dealerships    : 2
13:34:57| Run Time       : 5.2220
13:34:57| Max queue size : 2
13:34:57| Factor Stats   : [252]
13:34:57| Dealer Stats   : [126, 126]
13:34:57| 
13:35:06| 476 cars have been created = 9.12305200
13:35:06| Factories      : 2
13:35:06| Dealerships    : 1
13:35:06| Run Time       : 9.1231
13:35:06| Max queue size : 9
13:35:06| Factor Stats   : [227, 249]
13:35:06| Dealer Stats   : [476]
13:35:06| 
13:35:11| 454 cars have been created = 4.96866970
13:35:11| Factories      : 2
13:35:11| Dealerships    : 2
13:35:11| Run Time       : 4.9687
13:35:11| Max queue size : 2
13:35:11| Factor Stats   : [231, 223]
13:35:11| Dealer Stats   : [227, 227]
13:35:11| 
13:35:17| 500 cars have been created = 6.02141180
13:35:17| Factories      : 2
13:35:17| Dealerships    : 5
13:35:17| Run Time       : 6.0214
13:35:17| Max queue size : 5
13:35:17| Factor Stats   : [292, 208]
13:35:17| Dealer Stats   : [102, 103, 96, 99, 100]
13:35:17| 
13:35:29| 1218 cars have been created = 11.61627020
13:35:29| Factories      : 5
13:35:29| Dealerships    : 2
13:35:29| Run Time       : 11.6163
13:35:29| Max queue size : 8
13:35:29| Factor Stats   : [255, 219, 275, 244, 225]
13:35:29| Dealer Stats   : [609, 609]
13:35:29| 
13:35:39| 2468 cars have been created = 10.05016100
13:35:39| Factories      : 10
13:35:39| Dealerships    : 10
13:35:39| Run Time       : 10.0502
13:35:39| Max queue size : 10
13:35:39| Factor Stats   : [243, 267, 207, 226, 263, 285, 243, 257, 213, 264]
13:35:39| Dealer Stats   : [247, 247, 247, 246, 247, 246, 248, 247, 246, 247]
13:35:39| 
