20:21:35| ****************************************
20:21:35| Part 2
20:21:35| 
20:21:35| File: verysmall.bmp
20:21:36| Number of drawing commands = 80
20:21:36| Number of threads created  = 3
20:21:40| 
20:21:40| File: verysmall-loops.bmp
20:21:40| Number of drawing commands = 278
20:21:40| Number of threads created  = 9
20:21:46| 
20:21:46| File: small.bmp
20:21:49| Number of drawing commands = 1542
20:21:49| Number of threads created  = 27
20:22:08| 
20:22:08| File: small-loops.bmp
20:22:15| Number of drawing commands = 2116
20:22:15| Number of threads created  = 86
20:22:27| 
20:22:27| File: small-odd.bmp
20:22:31| Number of drawing commands = 1806
20:22:31| Number of threads created  = 272
20:22:40| 
20:22:40| File: small-open.bmp
20:22:40| Number of drawing commands = 2282
20:22:40| Number of threads created  = 669
20:22:51| 
20:22:51| File: large.bmp
20:22:51| Number of drawing commands = 28666
20:22:51| Number of threads created  = 1215
20:25:15| 
20:25:15| File: large-loops.bmp
20:25:16| Number of drawing commands = 26976
20:25:16| Number of threads created  = 1822
20:26:37| ****************************************
